<?xml version="1.0" encoding="UTF-8"?>
<testng-results ignored="0" total="1" passed="1" failed="0" skipped="0">
  <reporter-output>
  </reporter-output>
  <suite started-at="2023-11-04T13:51:00 IST" name="Default suite" finished-at="2023-11-04T13:51:34 IST" duration-ms="33852">
    <groups>
    </groups>
    <test started-at="2023-11-04T13:51:00 IST" name="Default test" finished-at="2023-11-04T13:51:34 IST" duration-ms="33852">
      <class name="testCases.AddToCartTC">
        <test-method is-config="true" signature="setup()[pri:0, instance:testCases.AddToCartTC@6a6cb05c]" started-at="2023-11-04T13:51:00 IST" name="setup" finished-at="2023-11-04T13:51:28 IST" duration-ms="27675" status="PASS">
          <reporter-output>
          </reporter-output>
        </test-method> <!-- setup -->
        <test-method signature="AddToCartProduct()[pri:0, instance:testCases.AddToCartTC@6a6cb05c]" started-at="2023-11-04T13:51:28 IST" name="AddToCartProduct" finished-at="2023-11-04T13:51:33 IST" duration-ms="5670" status="PASS">
          <reporter-output>
          </reporter-output>
        </test-method> <!-- AddToCartProduct -->
        <test-method is-config="true" signature="teardown()[pri:0, instance:testCases.AddToCartTC@6a6cb05c]" started-at="2023-11-04T13:51:33 IST" name="teardown" finished-at="2023-11-04T13:51:34 IST" duration-ms="429" status="PASS">
          <reporter-output>
          </reporter-output>
        </test-method> <!-- teardown -->
      </class> <!-- testCases.AddToCartTC -->
    </test> <!-- Default test -->
  </suite> <!-- Default suite -->
</testng-results>
